<?xml version="1.0" encoding="UTF-8"?>
<testng-results skipped="4" failed="0" total="5" passed="1">
  <reporter-output>
  </reporter-output>
  <suite name="Command line suite" duration-ms="7658" started-at="2021-11-02T21:42:11Z" finished-at="2021-11-02T21:42:19Z">
    <groups>
      <group name="run">
        <method signature="Bck2BrwsrCase.executeCode()[pri:0, instance:org.apidesign.bck2brwsr.vmtest.impl.Bck2BrwsrCase@327471b5]" name="executeCode" class="org.apidesign.bck2brwsr.vmtest.impl.Bck2BrwsrCase"/>
        <method signature="Bck2BrwsrCase.executeCode()[pri:0, instance:org.apidesign.bck2brwsr.vmtest.impl.Bck2BrwsrCase@4157f54e]" name="executeCode" class="org.apidesign.bck2brwsr.vmtest.impl.Bck2BrwsrCase"/>
        <method signature="Bck2BrwsrCase.executeCode()[pri:0, instance:org.apidesign.bck2brwsr.vmtest.impl.Bck2BrwsrCase@90f6bfd]" name="executeCode" class="org.apidesign.bck2brwsr.vmtest.impl.Bck2BrwsrCase"/>
      </group> <!-- run -->
    </groups>
    <test name="Command line test" duration-ms="7658" started-at="2021-11-02T21:42:11Z" finished-at="2021-11-02T21:42:19Z">
      <class name="org.apidesign.bck2brwsr.vmtest.impl.LaunchSetup">
        <test-method status="FAIL" signature="initializeLauncher()[pri:0, instance:org.apidesign.bck2brwsr.vmtest.impl.LaunchSetup@54a097cc]" name="initializeLauncher" is-config="true" duration-ms="0" started-at="2021-11-02T21:42:11Z" finished-at="2021-11-02T21:42:11Z">
          <exception class="java.io.IOException">
            <message>
              <![CDATA[javax.script.ScriptException: TypeError: stA0.at is not a function in <eval> at line number 2087]]>
            </message>
            <full-stacktrace>
              <![CDATA[java.io.IOException: javax.script.ScriptException: TypeError: stA0.at is not a function in <eval> at line number 2087
	at org.apidesign.bck2brwsr.launcher.JSLauncher.initialize(JSLauncher.java:80)
	at org.apidesign.bck2brwsr.vmtest.impl.LaunchSetup.initializeLauncher(LaunchSetup.java:69)
	at sun.reflect.NativeMethodAccessorImpl.invoke0(Native Method)
	at sun.reflect.NativeMethodAccessorImpl.invoke(NativeMethodAccessorImpl.java:62)
	at sun.reflect.DelegatingMethodAccessorImpl.invoke(DelegatingMethodAccessorImpl.java:43)
	at java.lang.reflect.Method.invoke(Method.java:498)
	at org.testng.internal.MethodInvocationHelper.invokeMethod(MethodInvocationHelper.java:80)
	at org.testng.internal.Invoker.invokeConfigurationMethod(Invoker.java:551)
	at org.testng.internal.Invoker.invokeConfigurations(Invoker.java:213)
	at org.testng.internal.Invoker.invokeConfigurations(Invoker.java:138)
	at org.testng.internal.Invoker.invokeBeforeGroupsConfigurations(Invoker.java:931)
	at org.testng.internal.Invoker.invokeMethod(Invoker.java:632)
	at org.testng.internal.Invoker.invokeTestMethod(Invoker.java:894)
	at org.testng.internal.Invoker.invokeTestMethods(Invoker.java:1219)
	at org.testng.internal.TestMethodWorker.invokeTestMethods(TestMethodWorker.java:127)
	at org.testng.internal.TestMethodWorker.run(TestMethodWorker.java:111)
	at org.testng.TestRunner.privateRun(TestRunner.java:768)
	at org.testng.TestRunner.run(TestRunner.java:617)
	at org.testng.SuiteRunner.runTest(SuiteRunner.java:334)
	at org.testng.SuiteRunner.runSequentially(SuiteRunner.java:329)
	at org.testng.SuiteRunner.privateRun(SuiteRunner.java:291)
	at org.testng.SuiteRunner.run(SuiteRunner.java:240)
	at org.testng.SuiteRunnerWorker.runSuite(SuiteRunnerWorker.java:53)
	at org.testng.SuiteRunnerWorker.run(SuiteRunnerWorker.java:87)
	at org.testng.TestNG.runSuitesSequentially(TestNG.java:1188)
	at org.testng.TestNG.runSuitesLocally(TestNG.java:1113)
	at org.testng.TestNG.run(TestNG.java:1025)
	at org.apache.maven.surefire.testng.TestNGExecutor.run(TestNGExecutor.java:77)
	at org.apache.maven.surefire.testng.TestNGDirectoryTestSuite.executeMulti(TestNGDirectoryTestSuite.java:159)
	at org.apache.maven.surefire.testng.TestNGDirectoryTestSuite.execute(TestNGDirectoryTestSuite.java:99)
	at org.apache.maven.surefire.testng.TestNGProvider.invoke(TestNGProvider.java:106)
	at sun.reflect.NativeMethodAccessorImpl.invoke0(Native Method)
	at sun.reflect.NativeMethodAccessorImpl.invoke(NativeMethodAccessorImpl.java:62)
	at sun.reflect.DelegatingMethodAccessorImpl.invoke(DelegatingMethodAccessorImpl.java:43)
	at java.lang.reflect.Method.invoke(Method.java:498)
	at org.apache.maven.surefire.util.ReflectionUtils.invokeMethodWithArray(ReflectionUtils.java:189)
	at org.apache.maven.surefire.booter.ProviderFactory$ProviderProxy.invoke(ProviderFactory.java:165)
	at org.apache.maven.surefire.booter.ProviderFactory.invokeProvider(ProviderFactory.java:85)
	at org.apache.maven.surefire.booter.ForkedBooter.runSuitesInProcess(ForkedBooter.java:115)
	at org.apache.maven.surefire.booter.ForkedBooter.main(ForkedBooter.java:75)
Caused by: javax.script.ScriptException: TypeError: stA0.at is not a function in <eval> at line number 2087
	at jdk.nashorn.api.scripting.NashornScriptEngine.throwAsScriptException(NashornScriptEngine.java:470)
	at jdk.nashorn.api.scripting.NashornScriptEngine.invokeImpl(NashornScriptEngine.java:392)
	at jdk.nashorn.api.scripting.NashornScriptEngine.invokeMethod(NashornScriptEngine.java:199)
	at org.apidesign.bck2brwsr.launcher.JSLauncher.initRhino(JSLauncher.java:104)
	at org.apidesign.bck2brwsr.launcher.JSLauncher.initialize(JSLauncher.java:72)
	... 39 more
Caused by: <eval>:2087 TypeError: stA0.at is not a function
	at jdk.nashorn.internal.runtime.ECMAErrors.error(ECMAErrors.java:57)
	at jdk.nashorn.internal.runtime.ECMAErrors.typeError(ECMAErrors.java:213)
	at jdk.nashorn.internal.runtime.ECMAErrors.typeError(ECMAErrors.java:185)
	at jdk.nashorn.internal.runtime.ECMAErrors.typeError(ECMAErrors.java:172)
	at jdk.nashorn.internal.runtime.Undefined.lookup(Undefined.java:102)
	at jdk.nashorn.internal.runtime.linker.NashornLinker.getGuardedInvocation(NashornLinker.java:106)
	at jdk.nashorn.internal.runtime.linker.NashornLinker.getGuardedInvocation(NashornLinker.java:98)
	at jdk.internal.dynalink.support.CompositeTypeBasedGuardingDynamicLinker.getGuardedInvocation(CompositeTypeBasedGuardingDynamicLinker.java:176)
	at jdk.internal.dynalink.support.CompositeGuardingDynamicLinker.getGuardedInvocation(CompositeGuardingDynamicLinker.java:124)
	at jdk.internal.dynalink.support.LinkerServicesImpl.getGuardedInvocation(LinkerServicesImpl.java:154)
	at jdk.internal.dynalink.DynamicLinker.relink(DynamicLinker.java:253)
	at jdk.nashorn.internal.scripts.Script$Recompilation$270$72930$\^eval\_.VM#fillInVMSkeleton#CLS-7#read__I(<eval>:2087)
	at jdk.nashorn.internal.scripts.Script$Recompilation$269$1832695$\^eval\_.VM#fillInVMSkeleton#CLS-106#readInt__I(<eval>:59649)
	at jdk.nashorn.internal.scripts.Script$Recompilation$268$1926348A$\^eval\_.VM#fillInVMSkeleton#CLS-115#read__VLjava_io_DataInputStream_2(<eval>:62509)
	at jdk.nashorn.internal.scripts.Script$Recompilation$251$1924818A$\^eval\_.VM#fillInVMSkeleton#CLS-115#cons__VLjava_io_InputStream_2(<eval>:62496)
	at jdk.nashorn.internal.scripts.Script$Recompilation$250$\^eval\_.VM#fillInVMSkeleton#CLS-103#compile__Ljava_lang_String_2Ljava_io_InputStream_2$:split-16(<eval>:51234)
	at jdk.nashorn.internal.scripts.Script$Recompilation$249$1523555A$\^eval\_.VM#fillInVMSkeleton#CLS-103#compile__Ljava_lang_String_2Ljava_io_InputStream_2(<eval>:51229)
	at jdk.nashorn.internal.scripts.Script$Recompilation$209$1447368AI$\^eval\_.VM#fillInVMSkeleton#CLS-96#load__Ljava_lang_Object_2Ljava_lang_String_2Z(<eval>:48841)
	at jdk.nashorn.internal.scripts.Script$Recompilation$205$1446126AAA$\^eval\_.VM#fillInVMSkeleton#CLS-96#load__Ljava_lang_Object_2Ljava_lang_Object_2Ljava_lang_String_2_3Ljava_lang_Object_2(<eval>:48770)
	at jdk.nashorn.internal.scripts.Script$Recompilation$203$2164651A$\^eval\_.VM#bck2brwsr#loadClass(<eval>:3593)
	at jdk.nashorn.internal.runtime.ScriptFunctionData.invoke(ScriptFunctionData.java:639)
	at jdk.nashorn.internal.runtime.ScriptFunction.invoke(ScriptFunction.java:494)
	at jdk.nashorn.internal.runtime.ScriptRuntime.apply(ScriptRuntime.java:393)
	at jdk.nashorn.api.scripting.ScriptObjectMirror.callMember(ScriptObjectMirror.java:199)
	at jdk.nashorn.api.scripting.NashornScriptEngine.invokeImpl(NashornScriptEngine.java:386)
	... 42 more
]]>
            </full-stacktrace>
          </exception> <!-- java.io.IOException -->
        </test-method> <!-- initializeLauncher -->
        <test-method status="PASS" signature="shutDownLauncher()[pri:0, instance:org.apidesign.bck2brwsr.vmtest.impl.LaunchSetup@54a097cc]" name="shutDownLauncher" is-config="true" duration-ms="143" started-at="2021-11-02T21:42:19Z" finished-at="2021-11-02T21:42:19Z">
        </test-method> <!-- shutDownLauncher -->
      </class> <!-- org.apidesign.bck2brwsr.vmtest.impl.LaunchSetup -->
      <class name="org.apidesign.bck2brwsr.vmtest.impl.CompareCase">
        <test-method status="SKIP" signature="compareResults()[pri:0, instance:org.apidesign.bck2brwsr.vmtest.impl.CompareCase@67b6d4ae]" name="compareResults" duration-ms="0" depends-on-groups="run" started-at="2021-11-02T21:42:19Z" finished-at="2021-11-02T21:42:19Z">
        </test-method> <!-- compareResults -->
      </class> <!-- org.apidesign.bck2brwsr.vmtest.impl.CompareCase -->
      <class name="series.AppTest">
        <test-method status="PASS" signature="initModel()[pri:0, instance:series.AppTest@531be3c5]" name="initModel" is-config="true" duration-ms="23" started-at="2021-11-02T21:42:11Z" finished-at="2021-11-02T21:42:11Z">
        </test-method> <!-- initModel -->
        <test-method status="PASS" signature="testHelloMessage()[pri:0, instance:series.AppTest@531be3c5]" name="testHelloMessage" duration-ms="3" started-at="2021-11-02T21:42:11Z" finished-at="2021-11-02T21:42:11Z">
        </test-method> <!-- testHelloMessage -->
      </class> <!-- series.AppTest -->
      <class name="org.apidesign.bck2brwsr.vmtest.impl.Bck2BrwsrCase">
        <test-method status="SKIP" signature="executeCode()[pri:0, instance:org.apidesign.bck2brwsr.vmtest.impl.Bck2BrwsrCase@90f6bfd]" test-instance-name="checkStringHashCode[JavaScript]" name="executeCode" duration-ms="0" started-at="2021-11-02T21:42:19Z" finished-at="2021-11-02T21:42:19Z">
        </test-method> <!-- executeCode -->
        <test-method status="SKIP" signature="executeCode()[pri:0, instance:org.apidesign.bck2brwsr.vmtest.impl.Bck2BrwsrCase@327471b5]" test-instance-name="modifyValueAssertChangeInModel[Brwsr]" name="executeCode" duration-ms="0" started-at="2021-11-02T21:42:19Z" finished-at="2021-11-02T21:42:19Z">
        </test-method> <!-- executeCode -->
        <test-method status="SKIP" signature="executeCode()[pri:0, instance:org.apidesign.bck2brwsr.vmtest.impl.Bck2BrwsrCase@4157f54e]" test-instance-name="checkStringHashCode[Java]" name="executeCode" duration-ms="0" started-at="2021-11-02T21:42:19Z" finished-at="2021-11-02T21:42:19Z">
        </test-method> <!-- executeCode -->
      </class> <!-- org.apidesign.bck2brwsr.vmtest.impl.Bck2BrwsrCase -->
    </test> <!-- Command line test -->
  </suite> <!-- Command line suite -->
</testng-results>
